<?xml version="1.0" encoding="UTF-8"?>
<!-- Generated by org.testng.reporters.JUnitReportReporter -->
<testsuite hostname="Hasankas-Mac.local" name="test.MaxaeroLoginTest" tests="2" failures="0" timestamp="17 Apr 2014 06:06:59 GMT" time="31.636" errors="0">
  <testcase name="testLogin" time="16.025" classname="test.MaxaeroLoginTest"/>
  <testcase name="testLoginAndTitle" time="15.611" classname="test.MaxaeroLoginTest"/>
</testsuite> <!-- test.MaxaeroLoginTest -->
