<?xml version="1.0" encoding="UTF-8"?>
<!-- Generated by org.testng.reporters.JUnitReportReporter -->
<testsuite hostname="Hasankas-Mac.local" name="test.TestNgSample" tests="2" failures="0" timestamp="17 Apr 2014 05:52:47 GMT" time="0.017" errors="0">
  <testcase name="sampleTestTwo" time="0.001" classname="test.TestNgSample"/>
  <testcase name="sampleTestOne" time="0.016" classname="test.TestNgSample"/>
</testsuite> <!-- test.TestNgSample -->
