<?xml version="1.0" encoding="UTF-8"?>
<!-- Generated by org.testng.reporters.JUnitReportReporter -->
<testsuite hostname="Hasankas-Mac.local" name="test.MaxaeroLoginTest" tests="2" failures="0" timestamp="11 Apr 2014 08:48:42 GMT" time="24.931" errors="0">
  <testcase name="testLoginAndTitle" time="11.365" classname="test.MaxaeroLoginTest"/>
  <testcase name="testLogin" time="13.566" classname="test.MaxaeroLoginTest"/>
</testsuite> <!-- test.MaxaeroLoginTest -->
